TN:
SF:client.js
FN:8,(anonymous_0)
FN:13,(anonymous_1)
FN:16,request_streaming_supported
FN:22,(anonymous_3)
FN:32,(anonymous_4)
FN:39,(anonymous_5)
FN:48,(anonymous_6)
FN:54,(anonymous_7)
FN:72,(anonymous_8)
FN:77,(anonymous_9)
FN:82,(anonymous_10)
FN:110,(anonymous_11)
FN:123,(anonymous_12)
FN:145,(anonymous_13)
FN:166,(anonymous_14)
FN:179,(anonymous_15)
FN:180,(anonymous_16)
FN:192,(anonymous_17)
FN:197,(anonymous_18)
FNF:19
FNH:19
FNDA:676,(anonymous_0)
FNDA:676,(anonymous_1)
FNDA:254,request_streaming_supported
FNDA:254,(anonymous_3)
FNDA:598,(anonymous_4)
FNDA:42991,(anonymous_5)
FNDA:676,(anonymous_6)
FNDA:598,(anonymous_7)
FNDA:235,(anonymous_8)
FNDA:19,(anonymous_9)
FNDA:55558,(anonymous_10)
FNDA:42393,(anonymous_11)
FNDA:82309,(anonymous_12)
FNDA:924,(anonymous_13)
FNDA:543,(anonymous_14)
FNDA:598,(anonymous_15)
FNDA:1,(anonymous_16)
FNDA:596,(anonymous_17)
FNDA:598,(anonymous_18)
DA:4,1
DA:5,1
DA:9,676
DA:10,676
DA:17,254
DA:19,254
DA:23,254
DA:24,254
DA:28,254
DA:33,598
DA:36,598
DA:37,598
DA:39,42991
DA:42,598
DA:43,598
DA:44,598
DA:45,598
DA:49,676
DA:50,676
DA:51,676
DA:55,598
DA:59,598
DA:60,36
DA:62,562
DA:63,562
DA:64,562
DA:65,254
DA:66,254
DA:73,235
DA:74,217
DA:76,18
DA:77,19
DA:78,254
DA:83,55558
DA:84,44347
DA:86,11211
DA:87,11211
DA:89,11211
DA:90,55778
DA:91,55741
DA:92,507
DA:93,55234
DA:96,507
DA:97,507
DA:99,54727
DA:103,37
DA:104,37
DA:106,11211
DA:111,42393
DA:116,42393
DA:120,42393
DA:125,82309
DA:126,82309
DA:127,82309
DA:128,41058
DA:129,41058
DA:131,41251
DA:134,41251
DA:135,36
DA:137,41215
DA:140,36
DA:142,82309
DA:146,924
DA:147,888
DA:148,888
DA:155,885
DA:156,586
DA:158,299
DA:160,587
DA:163,335
DA:167,543
DA:168,308
DA:170,235
DA:171,235
DA:172,235
DA:174,18
DA:176,217
DA:180,598
DA:181,598
DA:182,562
DA:184,36
DA:186,598
DA:187,254
DA:189,344
DA:190,344
DA:192,598
DA:193,598
DA:198,598
DA:199,598
DA:200,598
DA:202,36
DA:203,36
DA:205,562
LF:93
LH:93
BRDA:9,0,0,676
BRDA:9,0,1,676
BRDA:28,1,0,254
BRDA:28,1,1,254
BRDA:59,2,0,36
BRDA:59,2,1,562
BRDA:64,3,0,254
BRDA:64,3,1,308
BRDA:64,4,0,562
BRDA:64,4,1,254
BRDA:73,5,0,217
BRDA:73,5,1,18
BRDA:83,6,0,44347
BRDA:83,6,1,11211
BRDA:91,7,0,507
BRDA:91,7,1,55234
BRDA:93,8,0,507
BRDA:93,8,1,54727
BRDA:127,9,0,41058
BRDA:127,9,1,41251
BRDA:134,10,0,36
BRDA:134,10,1,41215
BRDA:146,11,0,888
BRDA:146,11,1,36
BRDA:155,12,0,586
BRDA:155,12,1,299
BRDA:160,13,0,587
BRDA:160,13,1,569
BRDA:167,14,0,308
BRDA:167,14,1,235
BRDA:181,15,0,562
BRDA:181,15,1,36
BRDA:186,16,0,254
BRDA:186,16,1,344
BRF:34
BRH:34
end_of_record
TN:
SF:server.js
FN:7,ex_to_err
FN:9,(anonymous_1)
FN:21,ignore_reset_code
FN:23,(anonymous_3)
FN:31,(anonymous_4)
FN:40,(anonymous_5)
FN:41,(anonymous_6)
FN:46,(anonymous_7)
FN:52,(anonymous_8)
FN:55,(anonymous_9)
FN:67,(anonymous_10)
FN:74,(anonymous_11)
FN:86,(anonymous_12)
FN:90,(anonymous_13)
FN:97,(anonymous_14)
FN:104,(anonymous_15)
FN:122,(anonymous_16)
FN:129,(anonymous_17)
FN:134,(anonymous_18)
FN:141,(anonymous_19)
FN:148,(anonymous_20)
FN:150,(anonymous_21)
FN:159,(anonymous_22)
FN:194,(anonymous_23)
FN:207,(anonymous_24)
FN:209,(anonymous_25)
FN:210,(anonymous_26)
FN:213,(anonymous_27)
FN:215,(anonymous_28)
FN:245,(anonymous_29)
FN:272,(anonymous_30)
FN:278,(anonymous_31)
FN:282,(anonymous_32)
FN:301,(anonymous_33)
FN:309,(anonymous_34)
FNF:35
FNH:35
FNDA:86526,ex_to_err
FNDA:46196,(anonymous_1)
FNDA:41915,ignore_reset_code
FNDA:41845,(anonymous_3)
FNDA:570,(anonymous_4)
FNDA:42328,(anonymous_5)
FNDA:29,(anonymous_6)
FNDA:83792,(anonymous_7)
FNDA:41241,(anonymous_8)
FNDA:83792,(anonymous_9)
FNDA:535,(anonymous_10)
FNDA:167160,(anonymous_11)
FNDA:84148,(anonymous_12)
FNDA:481,(anonymous_13)
FNDA:569,(anonymous_14)
FNDA:2,(anonymous_15)
FNDA:4,(anonymous_16)
FNDA:19,(anonymous_17)
FNDA:18,(anonymous_18)
FNDA:43014,(anonymous_19)
FNDA:43548,(anonymous_20)
FNDA:42978,(anonymous_21)
FNDA:43014,(anonymous_22)
FNDA:42175,(anonymous_23)
FNDA:417,(anonymous_24)
FNDA:8,(anonymous_25)
FNDA:417,(anonymous_26)
FNDA:41758,(anonymous_27)
FNDA:535,(anonymous_28)
FNDA:42116,(anonymous_29)
FNDA:570,(anonymous_30)
FNDA:570,(anonymous_31)
FNDA:569,(anonymous_32)
FNDA:2,(anonymous_33)
FNDA:4,(anonymous_34)
DA:8,86526
DA:9,86526
DA:10,46196
DA:11,6
DA:13,46190
DA:14,46190
DA:16,36
DA:22,41915
DA:24,41845
DA:32,570
DA:33,570
DA:34,570
DA:35,570
DA:36,570
DA:37,570
DA:41,42328
DA:42,29
DA:47,83792
DA:48,83792
DA:49,83792
DA:53,41241
DA:54,41241
DA:56,83792
DA:57,83792
DA:58,83792
DA:59,82939
DA:63,41241
DA:64,41241
DA:68,535
DA:69,36
DA:71,535
DA:75,167160
DA:76,167160
DA:77,83756
DA:78,83756
DA:79,19755
DA:82,64001
DA:87,84148
DA:91,481
DA:92,62
DA:94,419
DA:98,569
DA:99,569
DA:105,2
DA:107,2
DA:108,2
DA:109,2
DA:113,2
DA:115,2
DA:119,2
DA:123,4
DA:124,2
DA:125,2
DA:130,19
DA:132,19
DA:134,19
DA:135,18
DA:136,18
DA:137,1
DA:141,19
DA:142,43014
DA:149,43548
DA:150,42978
DA:151,42978
DA:153,42978
DA:154,42978
DA:155,42978
DA:161,43014
DA:162,36
DA:164,36
DA:167,42978
DA:169,42978
DA:171,42978
DA:173,570
DA:175,570
DA:179,42400
DA:180,42400
DA:181,42400
DA:182,642
DA:188,642
DA:191,41758
DA:193,41758
DA:194,41758
DA:195,42175
DA:196,41758
DA:197,41758
DA:198,41758
DA:207,41758
DA:208,417
DA:209,417
DA:210,417
DA:212,41758
DA:213,41758
DA:215,41758
DA:216,535
DA:217,535
DA:218,535
DA:221,41758
DA:222,299
DA:223,299
DA:224,82
DA:226,299
DA:232,41459
DA:233,236
DA:234,236
DA:237,41223
DA:238,41223
DA:239,218
DA:241,41005
DA:242,41005
DA:243,41005
DA:244,40997
DA:245,40997
DA:246,42116
DA:247,42116
DA:248,40997
DA:254,41223
DA:258,8
DA:264,8
DA:265,8
DA:269,42978
DA:274,570
DA:275,570
DA:276,570
DA:277,570
DA:278,570
DA:279,570
DA:281,570
DA:282,570
DA:283,569
DA:284,569
DA:285,569
DA:287,570
DA:295,570
DA:296,570
DA:298,570
DA:302,2
DA:303,2
DA:305,2
DA:310,4
DA:311,2
DA:312,2
DA:313,2
DA:314,2
DA:315,2
LF:145
LH:145
BRDA:10,0,0,6
BRDA:10,0,1,46190
BRDA:10,1,0,46196
BRDA:10,1,1,42978
BRDA:58,2,0,82939
BRDA:58,2,1,853
BRDA:76,3,0,83756
BRDA:76,3,1,83404
BRDA:78,4,0,19755
BRDA:78,4,1,64001
BRDA:91,5,0,62
BRDA:91,5,1,419
BRDA:123,6,0,2
BRDA:123,6,1,2
BRDA:149,7,0,42978
BRDA:149,7,1,570
BRDA:151,8,0,42978
BRDA:151,8,1,42972
BRDA:161,9,0,36
BRDA:161,9,1,42978
BRDA:171,10,0,570
BRDA:171,10,1,42400
BRDA:171,10,2,8
BRDA:181,11,0,642
BRDA:181,11,1,41758
BRDA:195,12,0,41758
BRDA:195,12,1,417
BRDA:221,13,0,299
BRDA:221,13,1,41459
BRDA:223,14,0,82
BRDA:223,14,1,217
BRDA:232,15,0,236
BRDA:232,15,1,41223
BRDA:238,16,0,218
BRDA:238,16,1,41005
BRDA:243,17,0,40997
BRDA:243,17,1,8
BRDA:247,18,0,40997
BRDA:247,18,1,1119
BRDA:310,19,0,2
BRDA:310,19,1,2
BRF:41
BRH:41
end_of_record
