TN:
SF:/home/david/browser-http2-duplex/client.js
FN:5,(anonymous_0)
FN:12,(anonymous_1)
FN:21,(anonymous_2)
FN:41,(anonymous_3)
FN:64,(anonymous_4)
FN:87,(anonymous_5)
FNF:6
FNH:6
FNDA:54,(anonymous_0)
FNDA:198,(anonymous_1)
FNDA:28967,(anonymous_2)
FNDA:41333,(anonymous_3)
FNDA:216,(anonymous_4)
FNDA:216,(anonymous_5)
DA:6,54
DA:7,54
DA:13,198
DA:14,198
DA:15,198
DA:16,198
DA:17,198
DA:18,198
DA:22,28967
DA:24,28967
DA:25,57899
DA:26,57881
DA:27,28924
DA:28,28957
DA:31,198
DA:33,28759
DA:37,18
DA:42,41333
DA:43,41333
DA:49,41333
DA:53,41333
DA:54,41333
DA:55,18
DA:57,41315
DA:59,18
DA:61,41315
DA:65,216
DA:66,216
DA:71,216
DA:75,216
DA:76,216
DA:77,18
DA:79,198
DA:81,18
DA:83,198
DA:88,216
DA:91,216
DA:92,18
DA:94,198
LF:39
LH:39
BRDA:26,0,0,28924
BRDA:26,0,1,28957
BRDA:28,1,0,198
BRDA:28,1,1,28759
BRDA:54,2,0,18
BRDA:54,2,1,41315
BRDA:76,3,0,18
BRDA:76,3,1,198
BRDA:91,4,0,18
BRDA:91,4,1,198
BRF:10
BRH:10
end_of_record
TN:
SF:/home/david/browser-http2-duplex/server.js
FN:7,(anonymous_0)
FN:15,(anonymous_1)
FN:17,(anonymous_2)
FN:26,(anonymous_3)
FN:31,(anonymous_4)
FN:38,(anonymous_5)
FN:42,(anonymous_6)
FN:48,(anonymous_7)
FN:64,(anonymous_8)
FN:67,(anonymous_9)
FN:71,(anonymous_10)
FN:78,(anonymous_11)
FN:121,(anonymous_12)
FN:148,(anonymous_13)
FN:167,(anonymous_14)
FNF:15
FNH:15
FNDA:198,(anonymous_0)
FNDA:41315,(anonymous_1)
FNDA:47838,(anonymous_2)
FNDA:121526,(anonymous_3)
FNDA:31843,(anonymous_4)
FNDA:48056,(anonymous_5)
FNDA:198,(anonymous_6)
FNDA:1,(anonymous_7)
FNDA:5,(anonymous_8)
FNDA:5,(anonymous_9)
FNDA:41769,(anonymous_10)
FNDA:41769,(anonymous_11)
FNDA:41315,(anonymous_12)
FNDA:198,(anonymous_13)
FNDA:1,(anonymous_14)
DA:8,198
DA:9,198
DA:10,198
DA:11,198
DA:12,198
DA:16,41315
DA:18,47838
DA:19,47838
DA:20,41647
DA:27,121526
DA:28,47838
DA:29,47838
DA:30,47838
DA:31,31843
DA:33,47838
DA:35,73688
DA:39,48056
DA:43,198
DA:49,1
DA:51,1
DA:52,1
DA:53,1
DA:54,1
DA:56,1
DA:60,1
DA:61,1
DA:65,5
DA:67,5
DA:68,5
DA:71,5
DA:72,41769
DA:80,41769
DA:81,18
DA:83,18
DA:86,41751
DA:88,41751
DA:90,41751
DA:92,198
DA:94,198
DA:98,41549
DA:99,41549
DA:100,41549
DA:101,36
DA:107,36
DA:109,41513
DA:110,198
DA:111,198
DA:112,198
DA:118,198
DA:120,41315
DA:121,41315
DA:122,41315
DA:129,41315
DA:130,41315
DA:134,4
DA:140,4
DA:141,4
DA:145,41751
DA:150,198
DA:151,198
DA:152,198
DA:153,198
DA:161,198
DA:162,198
DA:164,198
DA:168,1
DA:169,1
DA:170,4
DA:171,4
DA:172,4
DA:174,4
LF:71
LH:71
BRDA:19,0,0,41647
BRDA:19,0,1,6191
BRDA:27,1,0,47838
BRDA:27,1,1,73688
BRDA:30,2,0,31843
BRDA:30,2,1,15995
BRDA:80,3,0,18
BRDA:80,3,1,41751
BRDA:90,4,0,198
BRDA:90,4,1,41549
BRDA:90,4,2,4
BRDA:100,5,0,36
BRDA:100,5,1,41513
BRDA:109,6,0,198
BRDA:109,6,1,41315
BRF:15
BRH:15
end_of_record
